This is pdfTeX, Version 3.14159265-2.6-1.40.19 (TeX Live 2018/W32TeX) (preloaded format=pdflatex 2018.9.12)  15 JAN 2020 02:49
entering extended mode
 restricted \write18 enabled.
 %&-line parsing enabled.
**"Simulating an Ant colony.tex"
(./Simulating an Ant colony.tex
LaTeX2e <2018-04-01> patch level 5
(c:/texlive/2018/texmf-dist/tex/latex/base/report.cls
Document Class: report 2014/09/29 v1.4h Standard LaTeX document class
(c:/texlive/2018/texmf-dist/tex/latex/base/size11.clo
File: size11.clo 2014/09/29 v1.4h Standard LaTeX file (size option)
)
\c@part=\count80
\c@chapter=\count81
\c@section=\count82
\c@subsection=\count83
\c@subsubsection=\count84
\c@paragraph=\count85
\c@subparagraph=\count86
\c@figure=\count87
\c@table=\count88
\abovecaptionskip=\skip41
\belowcaptionskip=\skip42
\bibindent=\dimen102
)
(c:/texlive/2018/texmf-dist/tex/latex/graphics/epsfig.sty
Package: epsfig 2017/06/25 v1.7b (e)psfig emulation (SPQR)

(c:/texlive/2018/texmf-dist/tex/latex/graphics/graphicx.sty
Package: graphicx 2017/06/01 v1.1a Enhanced LaTeX Graphics (DPC,SPQR)

(c:/texlive/2018/texmf-dist/tex/latex/graphics/keyval.sty
Package: keyval 2014/10/28 v1.15 key=value parser (DPC)
\KV@toks@=\toks14
)
(c:/texlive/2018/texmf-dist/tex/latex/graphics/graphics.sty
Package: graphics 2017/06/25 v1.2c Standard LaTeX Graphics (DPC,SPQR)

(c:/texlive/2018/texmf-dist/tex/latex/graphics/trig.sty
Package: trig 2016/01/03 v1.10 sin cos tan (DPC)
)
(c:/texlive/2018/texmf-dist/tex/latex/graphics-cfg/graphics.cfg
File: graphics.cfg 2016/06/04 v1.11 sample graphics configuration
)
Package graphics Info: Driver file: pdftex.def on input line 99.

(c:/texlive/2018/texmf-dist/tex/latex/graphics-def/pdftex.def
File: pdftex.def 2018/01/08 v1.0l Graphics/color driver for pdftex
))
\Gin@req@height=\dimen103
\Gin@req@width=\dimen104
)
\epsfxsize=\dimen105
\epsfysize=\dimen106
)
(c:/texlive/2018/texmf-dist/tex/latex/psnfss/pifont.sty
Package: pifont 2005/04/12 PSNFSS-v9.2a Pi font support (SPQR) 
LaTeX Font Info:    Try loading font information for U+pzd on input line 63.

(c:/texlive/2018/texmf-dist/tex/latex/psnfss/upzd.fd
File: upzd.fd 2001/06/04 font definitions for U/pzd.
)
LaTeX Font Info:    Try loading font information for U+psy on input line 64.

(c:/texlive/2018/texmf-dist/tex/latex/psnfss/upsy.fd
File: upsy.fd 2001/06/04 font definitions for U/psy.
))
(c:/texlive/2018/texmf-dist/tex/latex/float/float.sty
Package: float 2001/11/08 v1.3d Float enhancements (AL)
\c@float@type=\count89
\float@exts=\toks15
\float@box=\box26
\@float@everytoks=\toks16
\@floatcapt=\box27
)
(c:/texlive/2018/texmf-dist/tex/latex/multirow/multirow.sty
Package: multirow 2018/08/03 v2.3 Span multiple rows of a table
\multirow@colwidth=\skip43
\multirow@cntb=\count90
\multirow@dima=\skip44
\bigstrutjot=\dimen107
)
(c:/texlive/2018/texmf-dist/tex/latex/amsmath/amsmath.sty
Package: amsmath 2017/09/02 v2.17a AMS math features
\@mathmargin=\skip45

For additional information on amsmath, use the `?' option.
(c:/texlive/2018/texmf-dist/tex/latex/amsmath/amstext.sty
Package: amstext 2000/06/29 v2.01 AMS text

(c:/texlive/2018/texmf-dist/tex/latex/amsmath/amsgen.sty
File: amsgen.sty 1999/11/30 v2.0 generic functions
\@emptytoks=\toks17
\ex@=\dimen108
))
(c:/texlive/2018/texmf-dist/tex/latex/amsmath/amsbsy.sty
Package: amsbsy 1999/11/29 v1.2d Bold Symbols
\pmbraise@=\dimen109
)
(c:/texlive/2018/texmf-dist/tex/latex/amsmath/amsopn.sty
Package: amsopn 2016/03/08 v2.02 operator names
)
\inf@bad=\count91
LaTeX Info: Redefining \frac on input line 213.
\uproot@=\count92
\leftroot@=\count93
LaTeX Info: Redefining \overline on input line 375.
\classnum@=\count94
\DOTSCASE@=\count95
LaTeX Info: Redefining \ldots on input line 472.
LaTeX Info: Redefining \dots on input line 475.
LaTeX Info: Redefining \cdots on input line 596.
\Mathstrutbox@=\box28
\strutbox@=\box29
\big@size=\dimen110
LaTeX Font Info:    Redeclaring font encoding OML on input line 712.
LaTeX Font Info:    Redeclaring font encoding OMS on input line 713.
\macc@depth=\count96
\c@MaxMatrixCols=\count97
\dotsspace@=\muskip10
\c@parentequation=\count98
\dspbrk@lvl=\count99
\tag@help=\toks18
\row@=\count100
\column@=\count101
\maxfields@=\count102
\andhelp@=\toks19
\eqnshift@=\dimen111
\alignsep@=\dimen112
\tagshift@=\dimen113
\tagwidth@=\dimen114
\totwidth@=\dimen115
\lineht@=\dimen116
\@envbody=\toks20
\multlinegap=\skip46
\multlinetaggap=\skip47
\mathdisplay@stack=\toks21
LaTeX Info: Redefining \[ on input line 2817.
LaTeX Info: Redefining \] on input line 2818.
)
(c:/texlive/2018/texmf-dist/tex/latex/amsfonts/amssymb.sty
Package: amssymb 2013/01/14 v3.01 AMS font symbols

(c:/texlive/2018/texmf-dist/tex/latex/amsfonts/amsfonts.sty
Package: amsfonts 2013/01/14 v3.01 Basic AMSFonts support
\symAMSa=\mathgroup4
\symAMSb=\mathgroup5
LaTeX Font Info:    Overwriting math alphabet `\mathfrak' in version `bold'
(Font)                  U/euf/m/n --> U/euf/b/n on input line 106.
))
(c:/texlive/2018/texmf-dist/tex/latex/algorithms/algorithm.sty
Package: algorithm 2009/08/24 v0.1 Document Style `algorithm' - floating enviro
nment

(c:/texlive/2018/texmf-dist/tex/latex/base/ifthen.sty
Package: ifthen 2014/09/29 v1.1c Standard LaTeX ifthen package (DPC)
)
\@float@every@algorithm=\toks22
\c@algorithm=\count103
)
(c:/texlive/2018/texmf-dist/tex/latex/algorithmicx/algpseudocode.sty
Package: algpseudocode 

(c:/texlive/2018/texmf-dist/tex/latex/algorithmicx/algorithmicx.sty
Package: algorithmicx 2005/04/27 v1.2 Algorithmicx

Document Style algorithmicx 1.2 - a greatly improved `algorithmic' style
\c@ALG@line=\count104
\c@ALG@rem=\count105
\c@ALG@nested=\count106
\ALG@tlm=\skip48
\ALG@thistlm=\skip49
\c@ALG@Lnr=\count107
\c@ALG@blocknr=\count108
\c@ALG@storecount=\count109
\c@ALG@tmpcounter=\count110
\ALG@tmplength=\skip50
)
Document Style - pseudocode environments for use with the `algorithmicx' style
) (c:/texlive/2018/texmf-dist/tex/latex/natbib/natbib.sty
Package: natbib 2010/09/13 8.31b (PWD, AO)
\bibhang=\skip51
\bibsep=\skip52
LaTeX Info: Redefining \cite on input line 694.
\c@NAT@ctr=\count111
)
(c:/texlive/2018/texmf-dist/tex/latex/graphics/rotating.sty
Package: rotating 2016/08/11 v2.16d rotated objects in LaTeX
\c@r@tfl@t=\count112
\rotFPtop=\skip53
\rotFPbot=\skip54
\rot@float@box=\box30
\rot@mess@toks=\toks23
)
(./Simulating an Ant colony.aux)
\openout1 = `"Simulating an Ant colony.aux"'.

LaTeX Font Info:    Checking defaults for OML/cmm/m/it on input line 22.
LaTeX Font Info:    ... okay on input line 22.
LaTeX Font Info:    Checking defaults for T1/cmr/m/n on input line 22.
LaTeX Font Info:    ... okay on input line 22.
LaTeX Font Info:    Checking defaults for OT1/cmr/m/n on input line 22.
LaTeX Font Info:    ... okay on input line 22.
LaTeX Font Info:    Checking defaults for OMS/cmsy/m/n on input line 22.
LaTeX Font Info:    ... okay on input line 22.
LaTeX Font Info:    Checking defaults for OMX/cmex/m/n on input line 22.
LaTeX Font Info:    ... okay on input line 22.
LaTeX Font Info:    Checking defaults for U/cmr/m/n on input line 22.
LaTeX Font Info:    ... okay on input line 22.

(c:/texlive/2018/texmf-dist/tex/context/base/mkii/supp-pdf.mkii
[Loading MPS to PDF converter (version 2006.09.02).]
\scratchcounter=\count113
\scratchdimen=\dimen117
\scratchbox=\box31
\nofMPsegments=\count114
\nofMParguments=\count115
\everyMPshowfont=\toks24
\MPscratchCnt=\count116
\MPscratchDim=\dimen118
\MPnumerator=\count117
\makeMPintoPDFobject=\count118
\everyMPtoPDFconversion=\toks25
) (c:/texlive/2018/texmf-dist/tex/latex/oberdiek/epstopdf-base.sty
Package: epstopdf-base 2016/05/15 v2.6 Base part for package epstopdf

(c:/texlive/2018/texmf-dist/tex/generic/oberdiek/infwarerr.sty
Package: infwarerr 2016/05/16 v1.4 Providing info/warning/error messages (HO)
)
(c:/texlive/2018/texmf-dist/tex/latex/oberdiek/grfext.sty
Package: grfext 2016/05/16 v1.2 Manage graphics extensions (HO)

(c:/texlive/2018/texmf-dist/tex/generic/oberdiek/kvdefinekeys.sty
Package: kvdefinekeys 2016/05/16 v1.4 Define keys (HO)

(c:/texlive/2018/texmf-dist/tex/generic/oberdiek/ltxcmds.sty
Package: ltxcmds 2016/05/16 v1.23 LaTeX kernel commands for general use (HO)
)))
(c:/texlive/2018/texmf-dist/tex/latex/oberdiek/kvoptions.sty
Package: kvoptions 2016/05/16 v3.12 Key value format for package options (HO)

(c:/texlive/2018/texmf-dist/tex/generic/oberdiek/kvsetkeys.sty
Package: kvsetkeys 2016/05/16 v1.17 Key value parser (HO)

(c:/texlive/2018/texmf-dist/tex/generic/oberdiek/etexcmds.sty
Package: etexcmds 2016/05/16 v1.6 Avoid name clashes with e-TeX commands (HO)

(c:/texlive/2018/texmf-dist/tex/generic/oberdiek/ifluatex.sty
Package: ifluatex 2016/05/16 v1.4 Provides the ifluatex switch (HO)
Package ifluatex Info: LuaTeX not detected.
)
Package etexcmds Info: Could not find \expanded.
(etexcmds)             That can mean that you are not using pdfTeX 1.50 or
(etexcmds)             that some package has redefined \expanded.
(etexcmds)             In the latter case, load this package earlier.
)))
(c:/texlive/2018/texmf-dist/tex/generic/oberdiek/pdftexcmds.sty
Package: pdftexcmds 2018/09/07 v0.28 Utility functions of pdfTeX for LuaTeX (HO
)

(c:/texlive/2018/texmf-dist/tex/generic/oberdiek/ifpdf.sty
Package: ifpdf 2018/09/07 v3.3 Provides the ifpdf switch
)
Package pdftexcmds Info: LuaTeX not detected.
Package pdftexcmds Info: \pdf@primitive is available.
Package pdftexcmds Info: \pdf@ifprimitive is available.
Package pdftexcmds Info: \pdfdraftmode found.
)
Package epstopdf-base Info: Redefining graphics rule for `.eps' on input line 4
38.
Package grfext Info: Graphics extension search list:
(grfext)             [.pdf,.png,.jpg,.mps,.jpeg,.jbig2,.jb2,.PDF,.PNG,.JPG,.JPE
G,.JBIG2,.JB2,.eps]
(grfext)             \AppendGraphicsExtensions on input line 456.

(c:/texlive/2018/texmf-dist/tex/latex/latexconfig/epstopdf-sys.cfg
File: epstopdf-sys.cfg 2010/07/13 v1.3 Configuration of (r)epstopdf for TeX Liv
e
)) [1

{c:/texlive/2018/texmf-var/fonts/map/pdftex/updmap/pdftex.map}] [1]
Chapter 1.
[1

]
Chapter 2.
LaTeX Font Info:    Try loading font information for OMS+cmr on input line 73.
(c:/texlive/2018/texmf-dist/tex/latex/base/omscmr.fd
File: omscmr.fd 2014/09/29 v2.5h Standard LaTeX font definitions
)
LaTeX Font Info:    Font shape `OMS/cmr/m/n' in size <10.95> not available
(Font)              Font shape `OMS/cmsy/m/n' tried instead on input line 73.
<MASON_Ant.jpg, id=17, 610.15453pt x 368.1253pt>
File: MASON_Ant.jpg Graphic file (type jpg)
<use MASON_Ant.jpg>
Package pdftex.def Info: MASON_Ant.jpg  used on input line 82.
(pdftex.def)             Requested size: 425.0pt x 256.4221pt.
<MASON_Ant_Converged.jpg, id=18, 609.02531pt x 360.59718pt>
File: MASON_Ant_Converged.jpg Graphic file (type jpg)
<use MASON_Ant_Converged.jpg>
Package pdftex.def Info: MASON_Ant_Converged.jpg  used on input line 90.
(pdftex.def)             Requested size: 425.0pt x 251.64598pt.
 [2

] [3 <./MASON_Ant.jpg> <./MASON_Ant_Converged.jpg>]
Chapter 3.
LaTeX Font Info:    Try loading font information for U+msa on input line 100.
(c:/texlive/2018/texmf-dist/tex/latex/amsfonts/umsa.fd
File: umsa.fd 2013/01/14 v3.01 AMS symbols A
)
LaTeX Font Info:    Try loading font information for U+msb on input line 100.

(c:/texlive/2018/texmf-dist/tex/latex/amsfonts/umsb.fd
File: umsb.fd 2013/01/14 v3.01 AMS symbols B
)
Underfull \hbox (badness 10000) in paragraph at lines 104--104
[]\OT1/cmr/m/n/10.95 Independent ant
 []


Underfull \hbox (badness 2591) in paragraph at lines 110--111
[]\OT1/cmr/m/n/10.95 Contain a pheromone sys-tem that al-lows de-po-si-tion of
 []


Overfull \hbox (1.33858pt too wide) in paragraph at lines 100--125
[] 
 []


Underfull \hbox (badness 10000) in paragraph at lines 131--131
[]\OT1/cmr/m/n/10.95 Customisable hive
 []


Underfull \hbox (badness 10000) in paragraph at lines 133--133
[]\OT1/cmr/m/n/10.95 Customisable food
 []


Overfull \hbox (1.33858pt too wide) in paragraph at lines 127--142
[] 
 []


Underfull \hbox (badness 10000) in paragraph at lines 156--156
[]\OT1/cmr/m/n/10.95 Customisable in-di-
 []


Underfull \hbox (badness 10000) in paragraph at lines 156--156
\OT1/cmr/m/n/10.95 vid-ual evap-o-ra-tion
 []


Underfull \hbox (badness 10000) in paragraph at lines 164--164
[]\OT1/cmr/m/n/10.95 Creation of new
 []


Overfull \hbox (1.33858pt too wide) in paragraph at lines 144--167
[] 
 []

[4

]
Underfull \hbox (badness 10000) in paragraph at lines 175--175
[]\OT1/cmr/m/n/10.95 In-built screen
 []


Overfull \hbox (1.33858pt too wide) in paragraph at lines 169--180
[] 
 []

<State_Diagram.jpg, id=30, 590.205pt x 249.93375pt>
File: State_Diagram.jpg Graphic file (type jpg)
<use State_Diagram.jpg>
Package pdftex.def Info: State_Diagram.jpg  used on input line 188.
(pdftex.def)             Requested size: 340.0013pt x 143.98155pt.
[5]
<Ant_direction.png, id=35, 427.8384pt x 427.8384pt>
File: Ant_direction.png Graphic file (type png)
<use Ant_direction.png>
Package pdftex.def Info: Ant_direction.png  used on input line 206.
(pdftex.def)             Requested size: 148.7526pt x 148.75337pt.
 [6 <./State_Diagram.jpg> <./Ant_direction.png>] [7] [8]
Chapter 4.
<Location_Selection.jpg, id=50, 918.80766pt x 393.34453pt>
File: Location_Selection.jpg Graphic file (type jpg)
<use Location_Selection.jpg>
Package pdftex.def Info: Location_Selection.jpg  used on input line 292.
(pdftex.def)             Requested size: 425.0pt x 181.943pt.
<Main_Simulator.jpg, id=51, 910.90312pt x 392.96812pt>
File: Main_Simulator.jpg Graphic file (type jpg)
<use Main_Simulator.jpg>
Package pdftex.def Info: Main_Simulator.jpg  used on input line 300.
(pdftex.def)             Requested size: 425.0pt x 183.35188pt.
[9

 <./Location_Selection.jpg>] [10 <./Main_Simulator.jpg>]
Chapter 5.
[11

]
Chapter 6.
(./Simulating an Ant colony.bbl [12

] [13

]) [14]
<Ant_Simulator_Values.jpg, id=71, 316.18124pt x 187.82672pt>
File: Ant_Simulator_Values.jpg Graphic file (type jpg)
<use Ant_Simulator_Values.jpg>
Package pdftex.def Info: Ant_Simulator_Values.jpg  used on input line 330.
(pdftex.def)             Requested size: 255.0026pt x 151.48535pt.
<Ant_Values.jpg, id=72, 228.855pt x 242.78203pt>
File: Ant_Values.jpg Graphic file (type jpg)
<use Ant_Values.jpg>
Package pdftex.def Info: Ant_Values.jpg  used on input line 338.
(pdftex.def)             Requested size: 255.0026pt x 270.53221pt.
<Test_Class.jpg, id=73, 252.19218pt x 117.81516pt>
File: Test_Class.jpg Graphic file (type jpg)
<use Test_Class.jpg>
Package pdftex.def Info: Test_Class.jpg  used on input line 346.
(pdftex.def)             Requested size: 255.0026pt x 119.12898pt.
<Full_Class_Diagram.jpg, id=74, 2164.085pt x 1525.7pt>
File: Full_Class_Diagram.jpg Graphic file (type jpg)
<use Full_Class_Diagram.jpg>
Package pdftex.def Info: Full_Class_Diagram.jpg  used on input line 355.
(pdftex.def)             Requested size: 750.0pt x 528.74167pt.
 [15

 <./Ant_Simulator_Values.jpg> <./Ant_Values.jpg>] [16 <./Test_Class.jpg>] [17 <
./Full_Class_Diagram.jpg>]
(./Simulating an Ant colony.aux) ) 
Here is how much of TeX's memory you used:
 3658 strings out of 492641
 49678 string characters out of 6133116
 122699 words of memory out of 5000000
 7457 multiletter control sequences out of 15000+600000
 12652 words of font info for 46 fonts, out of 8000000 for 9000
 1141 hyphenation exceptions out of 8191
 41i,8n,27p,1142b,329s stack positions out of 5000i,500n,10000p,200000b,80000s
<c:/texlive/2018/texmf-dist/fonts/type1/publi
c/amsfonts/cm/cmbx10.pfb><c:/texlive/2018/texmf-dist/fonts/type1/public/amsfont
s/cm/cmbx12.pfb><c:/texlive/2018/texmf-dist/fonts/type1/public/amsfonts/cm/cmmi
10.pfb><c:/texlive/2018/texmf-dist/fonts/type1/public/amsfonts/cm/cmr10.pfb><c:
/texlive/2018/texmf-dist/fonts/type1/public/amsfonts/cm/cmr12.pfb><c:/texlive/2
018/texmf-dist/fonts/type1/public/amsfonts/cm/cmr17.pfb><c:/texlive/2018/texmf-
dist/fonts/type1/public/amsfonts/cm/cmr8.pfb><c:/texlive/2018/texmf-dist/fonts/
type1/public/amsfonts/cm/cmr9.pfb><c:/texlive/2018/texmf-dist/fonts/type1/publi
c/amsfonts/cm/cmsy10.pfb><c:/texlive/2018/texmf-dist/fonts/type1/public/amsfont
s/cm/cmti10.pfb>
Output written on "Simulating an Ant colony.pdf" (19 pages, 2528680 bytes).
PDF statistics:
 118 PDF objects out of 1000 (max. 8388607)
 75 compressed objects within 1 object stream
 0 named destinations out of 1000 (max. 500000)
 51 words of extra memory for PDF output out of 10000 (max. 10000000)

